[12:55:46.885][CONSTRUCT][CLIENT][INFO] Starting building internal Registries
[12:55:47.231][CONSTRUCT][CLIENT][INFO] The following mods have explicit CraftTweaker support:
'ars_nouveau' at version '1.12.4'
'bloodmagic' at version '1.16.4-3.1.0-15'
'botania' at version '1.16.4-414'
'crafttweaker' at version '7.1.0.179'
'immersiveengineering' at version '1.16.5-4.2.4-134'
'immersivepetroleum' at version '3.2.0-3'
'jaopca' at version '3.4.0.7'
'jeitweaker' at version '1.0.1.14'
'transport' at version '3.5.1'
[12:55:47.555][CONSTRUCT][CLIENT][INFO] Completed building internal Registries
[12:56:07.884][COMMON_SETUP][CLIENT][INFO] Started loading Scripts for Loader 'setupCommon'!
[12:56:08.372][COMMON_SETUP][CLIENT][INFO] Finished loading Scripts!
[12:57:30.971][DONE][CLIENT][INFO] Started loading Scripts for Loader 'crafttweaker'!
[12:57:31.016][DONE][CLIENT][INFO] Finished loading Scripts!
[12:58:21.034][DONE][CLIENT][INFO] Started loading Scripts for Loader 'crafttweaker'!
[12:58:21.064][DONE][CLIENT][INFO] Finished loading Scripts!
[12:59:11.401][DONE][CLIENT][INFO] Started loading Scripts for Loader 'crafttweaker'!
[12:59:11.428][DONE][CLIENT][INFO] Finished loading Scripts!
[12:59:57.749][DONE][CLIENT][INFO] Started loading Scripts for Loader 'crafttweaker'!
[12:59:57.773][DONE][CLIENT][INFO] Finished loading Scripts!
